ERROR: DOS line endings
#1: FILE: ../t04/coding_style.c:1:
+#include <linux/module.h>^M$

ERROR: DOS line endings
#2: FILE: ../t04/coding_style.c:2:
+#include <linux/kernel.h>^M$

ERROR: DOS line endings
#3: FILE: ../t04/coding_style.c:3:
+#include <asm/delay.h>^M$

WARNING: Use #include <linux/delay.h> instead of <asm/delay.h>
#3: FILE: ../t04/coding_style.c:3:
+#include <asm/delay.h>

ERROR: DOS line endings
#4: FILE: ../t04/coding_style.c:4:
+#include <linux/slab.h>^M$

ERROR: DOS line endings
#5: FILE: ../t04/coding_style.c:5:
+^M$

ERROR: DOS line endings
#6: FILE: ../t04/coding_style.c:6:
+int do_work( int * my_int, int retval ) {^M$

ERROR: "foo * bar" should be "foo *bar"
#6: FILE: ../t04/coding_style.c:6:
+int do_work( int * my_int, int retval ) {

ERROR: open brace '{' following function declarations go on the next line
#6: FILE: ../t04/coding_style.c:6:
+int do_work( int * my_int, int retval ) {

ERROR: space prohibited after that open parenthesis '('
#6: FILE: ../t04/coding_style.c:6:
+int do_work( int * my_int, int retval ) {

ERROR: space prohibited before that close parenthesis ')'
#6: FILE: ../t04/coding_style.c:6:
+int do_work( int * my_int, int retval ) {

ERROR: DOS line endings
#7: FILE: ../t04/coding_style.c:7:
+^Iint x;^M$

ERROR: DOS line endings
#8: FILE: ../t04/coding_style.c:8:
+^Iint y=*my_int;^M$

ERROR: spaces required around that '=' (ctx:VxO)
#8: FILE: ../t04/coding_style.c:8:
+	int y=*my_int;
 	     ^

ERROR: space required before that '*' (ctx:OxV)
#8: FILE: ../t04/coding_style.c:8:
+	int y=*my_int;
 	      ^

ERROR: DOS line endings
#9: FILE: ../t04/coding_style.c:9:
+^Iint z;^M$

ERROR: DOS line endings
#10: FILE: ../t04/coding_style.c:10:
+^I^M$

ERROR: DOS line endings
#11: FILE: ../t04/coding_style.c:11:
+^Ifor(x=0;x< * my_int;++x) {^M$

ERROR: spaces required around that '=' (ctx:VxV)
#11: FILE: ../t04/coding_style.c:11:
+	for(x=0;x< * my_int;++x) {
 	     ^

ERROR: space required after that ';' (ctx:VxV)
#11: FILE: ../t04/coding_style.c:11:
+	for(x=0;x< * my_int;++x) {
 	       ^

ERROR: spaces required around that '<' (ctx:VxW)
#11: FILE: ../t04/coding_style.c:11:
+	for(x=0;x< * my_int;++x) {
 	         ^

ERROR: space prohibited after that '*' (ctx:WxW)
#11: FILE: ../t04/coding_style.c:11:
+	for(x=0;x< * my_int;++x) {
 	           ^

ERROR: space required after that ';' (ctx:VxO)
#11: FILE: ../t04/coding_style.c:11:
+	for(x=0;x< * my_int;++x) {
 	                   ^

ERROR: space required before the open parenthesis '('
#11: FILE: ../t04/coding_style.c:11:
+	for(x=0;x< * my_int;++x) {

WARNING: braces {} are not necessary for single statement blocks
#11: FILE: ../t04/coding_style.c:11:
+	for(x=0;x< * my_int;++x) {
+		udelay(10);
+	}

ERROR: DOS line endings
#12: FILE: ../t04/coding_style.c:12:
+^I^Iudelay(10);^M$

ERROR: DOS line endings
#13: FILE: ../t04/coding_style.c:13:
+^I}^M$

ERROR: DOS line endings
#14: FILE: ../t04/coding_style.c:14:
+^M$

ERROR: DOS line endings
#15: FILE: ../t04/coding_style.c:15:
+^Iif (y < 10 )^M$

ERROR: space prohibited before that close parenthesis ')'
#15: FILE: ../t04/coding_style.c:15:
+	if (y < 10 )

ERROR: trailing whitespace
#16: FILE: ../t04/coding_style.c:16:
+^I^I// That was a long sleep, tell userspace about it^M$

ERROR: do not use C99 // comments
#16: FILE: ../t04/coding_style.c:16:
+		// That was a long sleep, tell userspace about it

ERROR: DOS line endings
#17: FILE: ../t04/coding_style.c:17:
+^I^Iprintk("We slept a long time!");^M$

WARNING: printk() should include KERN_ facility level
#17: FILE: ../t04/coding_style.c:17:
+		printk("We slept a long time!");

ERROR: DOS line endings
#18: FILE: ../t04/coding_style.c:18:
+^M$

ERROR: DOS line endings
#19: FILE: ../t04/coding_style.c:19:
+^Iz = x * y;^M$

ERROR: DOS line endings
#20: FILE: ../t04/coding_style.c:20:
+^M$

ERROR: DOS line endings
#21: FILE: ../t04/coding_style.c:21:
+^Ireturn z;^M$

ERROR: DOS line endings
#22: FILE: ../t04/coding_style.c:22:
+}^M$

ERROR: DOS line endings
#23: FILE: ../t04/coding_style.c:23:
+^M$

ERROR: DOS line endings
#24: FILE: ../t04/coding_style.c:24:
+int^M$

ERROR: DOS line endings
#25: FILE: ../t04/coding_style.c:25:
+my_init (void)^M$

WARNING: space prohibited between function name and open parenthesis '('
#25: FILE: ../t04/coding_style.c:25:
+my_init (void)

ERROR: DOS line endings
#26: FILE: ../t04/coding_style.c:26:
+{^M$

ERROR: DOS line endings
#27: FILE: ../t04/coding_style.c:27:
+^Iint x = 10;^M$

ERROR: DOS line endings
#28: FILE: ../t04/coding_style.c:28:
+^M$

ERROR: DOS line endings
#29: FILE: ../t04/coding_style.c:29:
+^Ix = do_work(&x, x);^M$

ERROR: DOS line endings
#30: FILE: ../t04/coding_style.c:30:
+^M$

ERROR: DOS line endings
#31: FILE: ../t04/coding_style.c:31:
+^Ireturn x;^M$

ERROR: DOS line endings
#32: FILE: ../t04/coding_style.c:32:
+}^M$

ERROR: DOS line endings
#33: FILE: ../t04/coding_style.c:33:
+^M$

ERROR: DOS line endings
#34: FILE: ../t04/coding_style.c:34:
+void my_exit( void )^M$

ERROR: space prohibited after that open parenthesis '('
#34: FILE: ../t04/coding_style.c:34:
+void my_exit( void )

ERROR: space prohibited before that close parenthesis ')'
#34: FILE: ../t04/coding_style.c:34:
+void my_exit( void )

ERROR: DOS line endings
#35: FILE: ../t04/coding_style.c:35:
+{^M$

ERROR: DOS line endings
#36: FILE: ../t04/coding_style.c:36:
+^Ireturn;^M$

ERROR: DOS line endings
#37: FILE: ../t04/coding_style.c:37:
+}^M$

WARNING: void function return statements are not generally useful
#37: FILE: ../t04/coding_style.c:37:
+	return;
+}

ERROR: DOS line endings
#38: FILE: ../t04/coding_style.c:38:
+^M$

ERROR: DOS line endings
#39: FILE: ../t04/coding_style.c:39:
+module_init(my_init);^M$

ERROR: DOS line endings
#40: FILE: ../t04/coding_style.c:40:
+module_exit(my_exit);^M$

total: 56 errors, 5 warnings, 40 lines checked

NOTE: whitespace errors detected, you may wish to use scripts/cleanpatch or
      scripts/cleanfile

../t04/coding_style.c has style problems, please review.

If any of these errors are false positives, please report
them to the maintainer, see CHECKPATCH in MAINTAINERS.
